{"C:\\Users\\yosme\\OneDrive - Noroff Education AS\\Noroff_BED_2\\Noroff_BED_2025\\Projects_2025\\harry-potter-api\\app.js": {"path":"C:\\Users\\yosme\\OneDrive - Noroff Education AS\\Noroff_BED_2\\Noroff_BED_2025\\Projects_2025\\harry-potter-api\\app.js","statementMap":{"0":{"start":{"line":1,"column":0},"end":{"line":1,"column":27}},"1":{"start":{"line":3,"column":16},"end":{"line":3,"column":34}},"2":{"start":{"line":4,"column":12},"end":{"line":4,"column":21}},"3":{"start":{"line":6,"column":18},"end":{"line":6,"column":47}},"4":{"start":{"line":7,"column":16},"end":{"line":7,"column":61}},"5":{"start":{"line":9,"column":14},"end":{"line":9,"column":30}},"6":{"start":{"line":11,"column":18},"end":{"line":11,"column":27}},"7":{"start":{"line":12,"column":20},"end":{"line":12,"column":39}},"8":{"start":{"line":13,"column":21},"end":{"line":13,"column":48}},"9":{"start":{"line":14,"column":19},"end":{"line":14,"column":46}},"10":{"start":{"line":16,"column":0},"end":{"line":16,"column":31}},"11":{"start":{"line":17,"column":0},"end":{"line":17,"column":24}},"12":{"start":{"line":18,"column":0},"end":{"line":18,"column":72}},"13":{"start":{"line":19,"column":0},"end":{"line":19,"column":71}},"14":{"start":{"line":20,"column":0},"end":{"line":20,"column":25}},"15":{"start":{"line":22,"column":0},"end":{"line":22,"column":26}},"16":{"start":{"line":23,"column":0},"end":{"line":23,"column":46}},"17":{"start":{"line":24,"column":0},"end":{"line":24,"column":41}},"18":{"start":{"line":26,"column":0},"end":{"line":28,"column":2}},"19":{"start":{"line":27,"column":2},"end":{"line":27,"column":50}},"20":{"start":{"line":30,"column":0},"end":{"line":30,"column":21}}},"fnMap":{"0":{"name":"(anonymous_0)","decl":{"start":{"line":26,"column":8},"end":{"line":26,"column":9}},"loc":{"start":{"line":26,"column":22},"end":{"line":28,"column":1}},"line":26}},"branchMap":{},"s":{"0":1,"1":1,"2":1,"3":1,"4":1,"5":1,"6":1,"7":1,"8":1,"9":1,"10":1,"11":1,"12":1,"13":1,"14":1,"15":1,"16":1,"17":1,"18":1,"19":0,"20":1},"f":{"0":0},"b":{},"_coverageSchema":"1a1c01bbd47fc00a2c39e90264f33305004495a9","hash":"bee65ac65baa750398cf04113ff0334ba855711c"}
,"C:\\Users\\yosme\\OneDrive - Noroff Education AS\\Noroff_BED_2\\Noroff_BED_2025\\Projects_2025\\harry-potter-api\\config\\db.js": {"path":"C:\\Users\\yosme\\OneDrive - Noroff Education AS\\Noroff_BED_2\\Noroff_BED_2025\\Projects_2025\\harry-potter-api\\config\\db.js","statementMap":{"0":{"start":{"line":1,"column":0},"end":{"line":1,"column":27}},"1":{"start":{"line":3,"column":22},"end":{"line":3,"column":42}},"2":{"start":{"line":5,"column":11},"end":{"line":13,"column":2}},"3":{"start":{"line":15,"column":0},"end":{"line":15,"column":20}}},"fnMap":{},"branchMap":{},"s":{"0":1,"1":1,"2":1,"3":1},"f":{},"b":{},"_coverageSchema":"1a1c01bbd47fc00a2c39e90264f33305004495a9","hash":"f23eb3726d4bc7c2b9c51e809b2c1511d9e63e8c"}
,"C:\\Users\\yosme\\OneDrive - Noroff Education AS\\Noroff_BED_2\\Noroff_BED_2025\\Projects_2025\\harry-potter-api\\middlewares\\jwtMiddleware.js": {"path":"C:\\Users\\yosme\\OneDrive - Noroff Education AS\\Noroff_BED_2\\Noroff_BED_2025\\Projects_2025\\harry-potter-api\\middlewares\\jwtMiddleware.js","statementMap":{"0":{"start":{"line":1,"column":0},"end":{"line":1,"column":27}},"1":{"start":{"line":2,"column":12},"end":{"line":2,"column":35}},"2":{"start":{"line":4,"column":17},"end":{"line":13,"column":1}},"3":{"start":{"line":5,"column":21},"end":{"line":5,"column":45}},"4":{"start":{"line":7,"column":2},"end":{"line":10,"column":3}},"5":{"start":{"line":8,"column":4},"end":{"line":8,"column":70}},"6":{"start":{"line":9,"column":4},"end":{"line":9,"column":15}},"7":{"start":{"line":12,"column":2},"end":{"line":12,"column":34}},"8":{"start":{"line":15,"column":22},"end":{"line":26,"column":1}},"9":{"start":{"line":16,"column":16},"end":{"line":16,"column":34}},"10":{"start":{"line":17,"column":2},"end":{"line":17,"column":19}},"11":{"start":{"line":17,"column":13},"end":{"line":17,"column":19}},"12":{"start":{"line":19,"column":2},"end":{"line":23,"column":3}},"13":{"start":{"line":20,"column":4},"end":{"line":20,"column":46}},"14":{"start":{"line":22,"column":4},"end":{"line":22,"column":76}},"15":{"start":{"line":25,"column":2},"end":{"line":25,"column":9}},"16":{"start":{"line":28,"column":21},"end":{"line":43,"column":1}},"17":{"start":{"line":29,"column":16},"end":{"line":29,"column":34}},"18":{"start":{"line":30,"column":2},"end":{"line":30,"column":19}},"19":{"start":{"line":30,"column":13},"end":{"line":30,"column":19}},"20":{"start":{"line":32,"column":2},"end":{"line":41,"column":3}},"21":{"start":{"line":33,"column":4},"end":{"line":33,"column":46}},"22":{"start":{"line":34,"column":25},"end":{"line":34,"column":42}},"23":{"start":{"line":35,"column":4},"end":{"line":38,"column":61}},"24":{"start":{"line":36,"column":6},"end":{"line":36,"column":13}},"25":{"start":{"line":38,"column":6},"end":{"line":38,"column":61}},"26":{"start":{"line":40,"column":4},"end":{"line":40,"column":76}},"27":{"start":{"line":45,"column":0},"end":{"line":45,"column":49}}},"fnMap":{"0":{"name":"(anonymous_0)","decl":{"start":{"line":4,"column":17},"end":{"line":4,"column":18}},"loc":{"start":{"line":4,"column":31},"end":{"line":13,"column":1}},"line":4},"1":{"name":"(anonymous_1)","decl":{"start":{"line":15,"column":22},"end":{"line":15,"column":23}},"loc":{"start":{"line":15,"column":42},"end":{"line":26,"column":1}},"line":15},"2":{"name":"(anonymous_2)","decl":{"start":{"line":28,"column":21},"end":{"line":28,"column":22}},"loc":{"start":{"line":28,"column":41},"end":{"line":43,"column":1}},"line":28}},"branchMap":{"0":{"loc":{"start":{"line":7,"column":2},"end":{"line":10,"column":3}},"type":"if","locations":[{"start":{"line":7,"column":2},"end":{"line":10,"column":3}},{"start":{},"end":{}}],"line":7},"1":{"loc":{"start":{"line":17,"column":2},"end":{"line":17,"column":19}},"type":"if","locations":[{"start":{"line":17,"column":2},"end":{"line":17,"column":19}},{"start":{},"end":{}}],"line":17},"2":{"loc":{"start":{"line":30,"column":2},"end":{"line":30,"column":19}},"type":"if","locations":[{"start":{"line":30,"column":2},"end":{"line":30,"column":19}},{"start":{},"end":{}}],"line":30},"3":{"loc":{"start":{"line":35,"column":4},"end":{"line":38,"column":61}},"type":"if","locations":[{"start":{"line":35,"column":4},"end":{"line":38,"column":61}},{"start":{"line":38,"column":6},"end":{"line":38,"column":61}}],"line":35}},"s":{"0":1,"1":1,"2":1,"3":4,"4":4,"5":0,"6":0,"7":4,"8":1,"9":2,"10":2,"11":0,"12":2,"13":2,"14":0,"15":2,"16":1,"17":2,"18":2,"19":0,"20":2,"21":2,"22":2,"23":2,"24":2,"25":0,"26":0,"27":1},"f":{"0":4,"1":2,"2":2},"b":{"0":[0,4],"1":[0,2],"2":[0,2],"3":[2,0]},"_coverageSchema":"1a1c01bbd47fc00a2c39e90264f33305004495a9","hash":"caf0c94e0cd587d9d04f297ae9f871c6e7975e9e"}
,"C:\\Users\\yosme\\OneDrive - Noroff Education AS\\Noroff_BED_2\\Noroff_BED_2025\\Projects_2025\\harry-potter-api\\models\\house.js": {"path":"C:\\Users\\yosme\\OneDrive - Noroff Education AS\\Noroff_BED_2\\Noroff_BED_2025\\Projects_2025\\harry-potter-api\\models\\house.js","statementMap":{"0":{"start":{"line":1,"column":0},"end":{"line":16,"column":1}},"1":{"start":{"line":2,"column":16},"end":{"line":9,"column":4}},"2":{"start":{"line":11,"column":2},"end":{"line":13,"column":3}},"3":{"start":{"line":12,"column":4},"end":{"line":12,"column":31}},"4":{"start":{"line":15,"column":2},"end":{"line":15,"column":14}}},"fnMap":{"0":{"name":"(anonymous_0)","decl":{"start":{"line":1,"column":17},"end":{"line":1,"column":18}},"loc":{"start":{"line":1,"column":36},"end":{"line":16,"column":1}},"line":1},"1":{"name":"(anonymous_1)","decl":{"start":{"line":11,"column":20},"end":{"line":11,"column":21}},"loc":{"start":{"line":11,"column":32},"end":{"line":13,"column":3}},"line":11}},"branchMap":{},"s":{"0":1,"1":1,"2":1,"3":1,"4":1},"f":{"0":1,"1":1},"b":{},"_coverageSchema":"1a1c01bbd47fc00a2c39e90264f33305004495a9","hash":"e7e59534f20d8cd54cbc5691499b9932b457760d"}
,"C:\\Users\\yosme\\OneDrive - Noroff Education AS\\Noroff_BED_2\\Noroff_BED_2025\\Projects_2025\\harry-potter-api\\models\\index.js": {"path":"C:\\Users\\yosme\\OneDrive - Noroff Education AS\\Noroff_BED_2\\Noroff_BED_2025\\Projects_2025\\harry-potter-api\\models\\index.js","statementMap":{"0":{"start":{"line":1,"column":11},"end":{"line":1,"column":24}},"1":{"start":{"line":2,"column":13},"end":{"line":2,"column":28}},"2":{"start":{"line":3,"column":11},"end":{"line":3,"column":37}},"3":{"start":{"line":4,"column":21},"end":{"line":4,"column":41}},"4":{"start":{"line":5,"column":15},"end":{"line":5,"column":17}},"5":{"start":{"line":8,"column":0},"end":{"line":14,"column":4}},"6":{"start":{"line":9,"column":21},"end":{"line":9,"column":66}},"7":{"start":{"line":11,"column":21},"end":{"line":11,"column":47}},"8":{"start":{"line":12,"column":18},"end":{"line":12,"column":50}},"9":{"start":{"line":13,"column":4},"end":{"line":13,"column":30}},"10":{"start":{"line":17,"column":0},"end":{"line":21,"column":2}},"11":{"start":{"line":18,"column":2},"end":{"line":20,"column":3}},"12":{"start":{"line":19,"column":4},"end":{"line":19,"column":27}},"13":{"start":{"line":23,"column":0},"end":{"line":23,"column":19}}},"fnMap":{"0":{"name":"(anonymous_0)","decl":{"start":{"line":9,"column":10},"end":{"line":9,"column":11}},"loc":{"start":{"line":9,"column":21},"end":{"line":9,"column":66}},"line":9},"1":{"name":"(anonymous_1)","decl":{"start":{"line":10,"column":11},"end":{"line":10,"column":12}},"loc":{"start":{"line":10,"column":21},"end":{"line":14,"column":3}},"line":10},"2":{"name":"(anonymous_2)","decl":{"start":{"line":17,"column":30},"end":{"line":17,"column":31}},"loc":{"start":{"line":17,"column":41},"end":{"line":21,"column":1}},"line":17}},"branchMap":{"0":{"loc":{"start":{"line":9,"column":21},"end":{"line":9,"column":66}},"type":"binary-expr","locations":[{"start":{"line":9,"column":21},"end":{"line":9,"column":42}},{"start":{"line":9,"column":46},"end":{"line":9,"column":66}}],"line":9},"1":{"loc":{"start":{"line":18,"column":2},"end":{"line":20,"column":3}},"type":"if","locations":[{"start":{"line":18,"column":2},"end":{"line":20,"column":3}},{"start":{},"end":{}}],"line":18}},"s":{"0":1,"1":1,"2":1,"3":1,"4":1,"5":1,"6":5,"7":4,"8":4,"9":4,"10":1,"11":4,"12":3,"13":1},"f":{"0":5,"1":4,"2":4},"b":{"0":[5,5],"1":[3,1]},"_coverageSchema":"1a1c01bbd47fc00a2c39e90264f33305004495a9","hash":"93720df761af074f15e79b649766fce27c804c30"}
,"C:\\Users\\yosme\\OneDrive - Noroff Education AS\\Noroff_BED_2\\Noroff_BED_2025\\Projects_2025\\harry-potter-api\\models\\spell.js": {"path":"C:\\Users\\yosme\\OneDrive - Noroff Education AS\\Noroff_BED_2\\Noroff_BED_2025\\Projects_2025\\harry-potter-api\\models\\spell.js","statementMap":{"0":{"start":{"line":1,"column":0},"end":{"line":15,"column":1}},"1":{"start":{"line":2,"column":16},"end":{"line":9,"column":4}},"2":{"start":{"line":11,"column":2},"end":{"line":13,"column":3}},"3":{"start":{"line":12,"column":4},"end":{"line":12,"column":85}},"4":{"start":{"line":14,"column":2},"end":{"line":14,"column":14}}},"fnMap":{"0":{"name":"(anonymous_0)","decl":{"start":{"line":1,"column":17},"end":{"line":1,"column":18}},"loc":{"start":{"line":1,"column":36},"end":{"line":15,"column":1}},"line":1},"1":{"name":"(anonymous_1)","decl":{"start":{"line":11,"column":20},"end":{"line":11,"column":21}},"loc":{"start":{"line":11,"column":32},"end":{"line":13,"column":3}},"line":11}},"branchMap":{},"s":{"0":1,"1":1,"2":1,"3":1,"4":1},"f":{"0":1,"1":1},"b":{},"_coverageSchema":"1a1c01bbd47fc00a2c39e90264f33305004495a9","hash":"d22b3e24122aebd681b241388b5e1671a324c7a6"}
,"C:\\Users\\yosme\\OneDrive - Noroff Education AS\\Noroff_BED_2\\Noroff_BED_2025\\Projects_2025\\harry-potter-api\\models\\user.js": {"path":"C:\\Users\\yosme\\OneDrive - Noroff Education AS\\Noroff_BED_2\\Noroff_BED_2025\\Projects_2025\\harry-potter-api\\models\\user.js","statementMap":{"0":{"start":{"line":1,"column":0},"end":{"line":24,"column":1}},"1":{"start":{"line":2,"column":2},"end":{"line":23,"column":4}}},"fnMap":{"0":{"name":"(anonymous_0)","decl":{"start":{"line":1,"column":17},"end":{"line":1,"column":18}},"loc":{"start":{"line":1,"column":36},"end":{"line":24,"column":1}},"line":1}},"branchMap":{},"s":{"0":1,"1":1},"f":{"0":1},"b":{},"_coverageSchema":"1a1c01bbd47fc00a2c39e90264f33305004495a9","hash":"75e1e3dc333be3193807ff64717ca220ff51c142"}
,"C:\\Users\\yosme\\OneDrive - Noroff Education AS\\Noroff_BED_2\\Noroff_BED_2025\\Projects_2025\\harry-potter-api\\models\\wizard.js": {"path":"C:\\Users\\yosme\\OneDrive - Noroff Education AS\\Noroff_BED_2\\Noroff_BED_2025\\Projects_2025\\harry-potter-api\\models\\wizard.js","statementMap":{"0":{"start":{"line":1,"column":0},"end":{"line":37,"column":1}},"1":{"start":{"line":2,"column":17},"end":{"line":29,"column":4}},"2":{"start":{"line":31,"column":2},"end":{"line":34,"column":3}},"3":{"start":{"line":32,"column":4},"end":{"line":32,"column":34}},"4":{"start":{"line":33,"column":4},"end":{"line":33,"column":85}},"5":{"start":{"line":36,"column":2},"end":{"line":36,"column":15}}},"fnMap":{"0":{"name":"(anonymous_0)","decl":{"start":{"line":1,"column":17},"end":{"line":1,"column":18}},"loc":{"start":{"line":1,"column":36},"end":{"line":37,"column":1}},"line":1},"1":{"name":"(anonymous_1)","decl":{"start":{"line":31,"column":21},"end":{"line":31,"column":22}},"loc":{"start":{"line":31,"column":33},"end":{"line":34,"column":3}},"line":31}},"branchMap":{},"s":{"0":1,"1":1,"2":1,"3":1,"4":1,"5":1},"f":{"0":1,"1":1},"b":{},"_coverageSchema":"1a1c01bbd47fc00a2c39e90264f33305004495a9","hash":"e5db42e92b32b1a394b85eef21f9b5ce9052eca1"}
,"C:\\Users\\yosme\\OneDrive - Noroff Education AS\\Noroff_BED_2\\Noroff_BED_2025\\Projects_2025\\harry-potter-api\\routes\\auth.js": {"path":"C:\\Users\\yosme\\OneDrive - Noroff Education AS\\Noroff_BED_2\\Noroff_BED_2025\\Projects_2025\\harry-potter-api\\routes\\auth.js","statementMap":{"0":{"start":{"line":1,"column":15},"end":{"line":1,"column":42}},"1":{"start":{"line":2,"column":20},"end":{"line":2,"column":57}},"2":{"start":{"line":3,"column":12},"end":{"line":3,"column":35}},"3":{"start":{"line":5,"column":0},"end":{"line":35,"column":3}},"4":{"start":{"line":6,"column":47},"end":{"line":6,"column":55}},"5":{"start":{"line":8,"column":2},"end":{"line":34,"column":3}},"6":{"start":{"line":9,"column":4},"end":{"line":11,"column":5}},"7":{"start":{"line":10,"column":6},"end":{"line":10,"column":78}},"8":{"start":{"line":12,"column":17},"end":{"line":12,"column":48}},"9":{"start":{"line":13,"column":23},"end":{"line":13,"column":55}},"10":{"start":{"line":15,"column":4},"end":{"line":17,"column":5}},"11":{"start":{"line":16,"column":6},"end":{"line":16,"column":64}},"12":{"start":{"line":19,"column":20},"end":{"line":23,"column":7}},"13":{"start":{"line":24,"column":14},"end":{"line":24,"column":76}},"14":{"start":{"line":26,"column":4},"end":{"line":31,"column":7}},"15":{"start":{"line":33,"column":4},"end":{"line":33,"column":52}},"16":{"start":{"line":37,"column":0},"end":{"line":37,"column":24}}},"fnMap":{"0":{"name":"(anonymous_0)","decl":{"start":{"line":5,"column":17},"end":{"line":5,"column":18}},"loc":{"start":{"line":5,"column":37},"end":{"line":35,"column":1}},"line":5}},"branchMap":{"0":{"loc":{"start":{"line":6,"column":10},"end":{"line":6,"column":25}},"type":"default-arg","locations":[{"start":{"line":6,"column":21},"end":{"line":6,"column":25}}],"line":6},"1":{"loc":{"start":{"line":6,"column":27},"end":{"line":6,"column":42}},"type":"default-arg","locations":[{"start":{"line":6,"column":38},"end":{"line":6,"column":42}}],"line":6},"2":{"loc":{"start":{"line":9,"column":4},"end":{"line":11,"column":5}},"type":"if","locations":[{"start":{"line":9,"column":4},"end":{"line":11,"column":5}},{"start":{},"end":{}}],"line":9},"3":{"loc":{"start":{"line":9,"column":8},"end":{"line":9,"column":30}},"type":"binary-expr","locations":[{"start":{"line":9,"column":8},"end":{"line":9,"column":17}},{"start":{"line":9,"column":21},"end":{"line":9,"column":30}}],"line":9},"4":{"loc":{"start":{"line":15,"column":4},"end":{"line":17,"column":5}},"type":"if","locations":[{"start":{"line":15,"column":4},"end":{"line":17,"column":5}},{"start":{},"end":{}}],"line":15},"5":{"loc":{"start":{"line":15,"column":8},"end":{"line":15,"column":49}},"type":"binary-expr","locations":[{"start":{"line":15,"column":8},"end":{"line":15,"column":13}},{"start":{"line":15,"column":17},"end":{"line":15,"column":49}}],"line":15}},"s":{"0":1,"1":1,"2":1,"3":1,"4":4,"5":4,"6":4,"7":0,"8":4,"9":4,"10":4,"11":0,"12":4,"13":4,"14":4,"15":0,"16":1},"f":{"0":4},"b":{"0":[0],"1":[0],"2":[0,4],"3":[4,4],"4":[0,4],"5":[4,4]},"_coverageSchema":"1a1c01bbd47fc00a2c39e90264f33305004495a9","hash":"3b13d9ac6d2315370ebac200e62d9d4886beba81"}
,"C:\\Users\\yosme\\OneDrive - Noroff Education AS\\Noroff_BED_2\\Noroff_BED_2025\\Projects_2025\\harry-potter-api\\routes\\index.js": {"path":"C:\\Users\\yosme\\OneDrive - Noroff Education AS\\Noroff_BED_2\\Noroff_BED_2025\\Projects_2025\\harry-potter-api\\routes\\index.js","statementMap":{"0":{"start":{"line":1,"column":15},"end":{"line":1,"column":42}},"1":{"start":{"line":4,"column":0},"end":{"line":20,"column":3}},"2":{"start":{"line":5,"column":2},"end":{"line":19,"column":5}},"3":{"start":{"line":22,"column":0},"end":{"line":22,"column":24}}},"fnMap":{"0":{"name":"(anonymous_0)","decl":{"start":{"line":4,"column":16},"end":{"line":4,"column":17}},"loc":{"start":{"line":4,"column":30},"end":{"line":20,"column":1}},"line":4}},"branchMap":{},"s":{"0":1,"1":1,"2":0,"3":1},"f":{"0":0},"b":{},"_coverageSchema":"1a1c01bbd47fc00a2c39e90264f33305004495a9","hash":"186f0ea9ecaf261991deaec549fde9a2806f1061"}
,"C:\\Users\\yosme\\OneDrive - Noroff Education AS\\Noroff_BED_2\\Noroff_BED_2025\\Projects_2025\\harry-potter-api\\routes\\wizards.js": {"path":"C:\\Users\\yosme\\OneDrive - Noroff Education AS\\Noroff_BED_2\\Noroff_BED_2025\\Projects_2025\\harry-potter-api\\routes\\wizards.js","statementMap":{"0":{"start":{"line":1,"column":15},"end":{"line":1,"column":42}},"1":{"start":{"line":2,"column":22},"end":{"line":2,"column":61}},"2":{"start":{"line":3,"column":40},"end":{"line":3,"column":82}},"3":{"start":{"line":6,"column":0},"end":{"line":29,"column":5}},"4":{"start":{"line":9,"column":4},"end":{"line":14,"column":5}},"5":{"start":{"line":10,"column":22},"end":{"line":10,"column":50}},"6":{"start":{"line":11,"column":6},"end":{"line":11,"column":46}},"7":{"start":{"line":13,"column":6},"end":{"line":13,"column":46}},"8":{"start":{"line":17,"column":72},"end":{"line":17,"column":80}},"9":{"start":{"line":19,"column":4},"end":{"line":28,"column":5}},"10":{"start":{"line":20,"column":28},"end":{"line":20,"column":112}},"11":{"start":{"line":21,"column":6},"end":{"line":23,"column":39}},"12":{"start":{"line":25,"column":6},"end":{"line":27,"column":9}},"13":{"start":{"line":32,"column":0},"end":{"line":54,"column":5}},"14":{"start":{"line":35,"column":15},"end":{"line":35,"column":29}},"15":{"start":{"line":36,"column":30},"end":{"line":36,"column":38}},"16":{"start":{"line":38,"column":4},"end":{"line":43,"column":5}},"17":{"start":{"line":39,"column":28},"end":{"line":39,"column":73}},"18":{"start":{"line":40,"column":6},"end":{"line":40,"column":59}},"19":{"start":{"line":42,"column":6},"end":{"line":42,"column":54}},"20":{"start":{"line":46,"column":15},"end":{"line":46,"column":29}},"21":{"start":{"line":48,"column":4},"end":{"line":53,"column":5}},"22":{"start":{"line":49,"column":6},"end":{"line":49,"column":36}},"23":{"start":{"line":50,"column":6},"end":{"line":50,"column":34}},"24":{"start":{"line":52,"column":6},"end":{"line":52,"column":53}},"25":{"start":{"line":56,"column":0},"end":{"line":56,"column":24}}},"fnMap":{"0":{"name":"(anonymous_0)","decl":{"start":{"line":8,"column":7},"end":{"line":8,"column":8}},"loc":{"start":{"line":8,"column":27},"end":{"line":15,"column":3}},"line":8},"1":{"name":"(anonymous_1)","decl":{"start":{"line":16,"column":23},"end":{"line":16,"column":24}},"loc":{"start":{"line":16,"column":43},"end":{"line":29,"column":3}},"line":16},"2":{"name":"(anonymous_2)","decl":{"start":{"line":34,"column":21},"end":{"line":34,"column":22}},"loc":{"start":{"line":34,"column":41},"end":{"line":44,"column":3}},"line":34},"3":{"name":"(anonymous_3)","decl":{"start":{"line":45,"column":24},"end":{"line":45,"column":25}},"loc":{"start":{"line":45,"column":44},"end":{"line":54,"column":3}},"line":45}},"branchMap":{},"s":{"0":1,"1":1,"2":1,"3":1,"4":2,"5":2,"6":1,"7":1,"8":2,"9":2,"10":2,"11":1,"12":1,"13":1,"14":2,"15":2,"16":2,"17":2,"18":1,"19":1,"20":0,"21":0,"22":0,"23":0,"24":0,"25":1},"f":{"0":2,"1":2,"2":2,"3":0},"b":{},"_coverageSchema":"1a1c01bbd47fc00a2c39e90264f33305004495a9","hash":"afc42a3bd410fdcb10763c5b62fcef55fdf34abf"}
,"C:\\Users\\yosme\\OneDrive - Noroff Education AS\\Noroff_BED_2\\Noroff_BED_2025\\Projects_2025\\harry-potter-api\\services\\userService.js": {"path":"C:\\Users\\yosme\\OneDrive - Noroff Education AS\\Noroff_BED_2\\Noroff_BED_2025\\Projects_2025\\harry-potter-api\\services\\userService.js","statementMap":{"0":{"start":{"line":3,"column":4},"end":{"line":3,"column":31}},"1":{"start":{"line":7,"column":4},"end":{"line":15,"column":5}},"2":{"start":{"line":8,"column":6},"end":{"line":12,"column":9}},"3":{"start":{"line":14,"column":6},"end":{"line":14,"column":16}},"4":{"start":{"line":19,"column":0},"end":{"line":19,"column":48}}},"fnMap":{"0":{"name":"(anonymous_0)","decl":{"start":{"line":2,"column":2},"end":{"line":2,"column":3}},"loc":{"start":{"line":2,"column":18},"end":{"line":4,"column":3}},"line":2},"1":{"name":"(anonymous_1)","decl":{"start":{"line":6,"column":2},"end":{"line":6,"column":3}},"loc":{"start":{"line":6,"column":18},"end":{"line":16,"column":3}},"line":6}},"branchMap":{},"s":{"0":1,"1":4,"2":4,"3":0,"4":1},"f":{"0":1,"1":4},"b":{},"_coverageSchema":"1a1c01bbd47fc00a2c39e90264f33305004495a9","hash":"666238adf06fce2f766f56740070f4915e27aa76"}
,"C:\\Users\\yosme\\OneDrive - Noroff Education AS\\Noroff_BED_2\\Noroff_BED_2025\\Projects_2025\\harry-potter-api\\services\\wizardService.js": {"path":"C:\\Users\\yosme\\OneDrive - Noroff Education AS\\Noroff_BED_2\\Noroff_BED_2025\\Projects_2025\\harry-potter-api\\services\\wizardService.js","statementMap":{"0":{"start":{"line":3,"column":4},"end":{"line":3,"column":35}},"1":{"start":{"line":8,"column":4},"end":{"line":13,"column":5}},"2":{"start":{"line":9,"column":6},"end":{"line":9,"column":41}},"3":{"start":{"line":11,"column":6},"end":{"line":11,"column":25}},"4":{"start":{"line":12,"column":6},"end":{"line":12,"column":16}},"5":{"start":{"line":18,"column":4},"end":{"line":22,"column":5}},"6":{"start":{"line":19,"column":6},"end":{"line":19,"column":99}},"7":{"start":{"line":21,"column":6},"end":{"line":21,"column":16}},"8":{"start":{"line":27,"column":4},"end":{"line":42,"column":5}},"9":{"start":{"line":28,"column":6},"end":{"line":35,"column":8}},"10":{"start":{"line":36,"column":28},"end":{"line":36,"column":72}},"11":{"start":{"line":38,"column":6},"end":{"line":38,"column":62}},"12":{"start":{"line":38,"column":26},"end":{"line":38,"column":62}},"13":{"start":{"line":39,"column":6},"end":{"line":39,"column":27}},"14":{"start":{"line":41,"column":6},"end":{"line":41,"column":16}},"15":{"start":{"line":47,"column":4},"end":{"line":53,"column":5}},"16":{"start":{"line":48,"column":28},"end":{"line":48,"column":72}},"17":{"start":{"line":49,"column":6},"end":{"line":49,"column":62}},"18":{"start":{"line":49,"column":26},"end":{"line":49,"column":62}},"19":{"start":{"line":50,"column":6},"end":{"line":50,"column":27}},"20":{"start":{"line":52,"column":6},"end":{"line":52,"column":16}},"21":{"start":{"line":57,"column":0},"end":{"line":57,"column":50}}},"fnMap":{"0":{"name":"(anonymous_0)","decl":{"start":{"line":2,"column":2},"end":{"line":2,"column":3}},"loc":{"start":{"line":2,"column":18},"end":{"line":4,"column":3}},"line":2},"1":{"name":"(anonymous_1)","decl":{"start":{"line":7,"column":2},"end":{"line":7,"column":3}},"loc":{"start":{"line":7,"column":17},"end":{"line":14,"column":3}},"line":7},"2":{"name":"(anonymous_2)","decl":{"start":{"line":17,"column":2},"end":{"line":17,"column":3}},"loc":{"start":{"line":17,"column":72},"end":{"line":23,"column":3}},"line":17},"3":{"name":"(anonymous_3)","decl":{"start":{"line":26,"column":2},"end":{"line":26,"column":3}},"loc":{"start":{"line":26,"column":34},"end":{"line":43,"column":3}},"line":26},"4":{"name":"(anonymous_4)","decl":{"start":{"line":46,"column":2},"end":{"line":46,"column":3}},"loc":{"start":{"line":46,"column":19},"end":{"line":54,"column":3}},"line":46}},"branchMap":{"0":{"loc":{"start":{"line":38,"column":6},"end":{"line":38,"column":62}},"type":"if","locations":[{"start":{"line":38,"column":6},"end":{"line":38,"column":62}},{"start":{},"end":{}}],"line":38},"1":{"loc":{"start":{"line":49,"column":6},"end":{"line":49,"column":62}},"type":"if","locations":[{"start":{"line":49,"column":6},"end":{"line":49,"column":62}},{"start":{},"end":{}}],"line":49}},"s":{"0":1,"1":0,"2":0,"3":0,"4":0,"5":0,"6":0,"7":0,"8":0,"9":0,"10":0,"11":0,"12":0,"13":0,"14":0,"15":0,"16":0,"17":0,"18":0,"19":0,"20":0,"21":1},"f":{"0":1,"1":0,"2":0,"3":0,"4":0},"b":{"0":[0,0],"1":[0,0]},"_coverageSchema":"1a1c01bbd47fc00a2c39e90264f33305004495a9","hash":"273219269fecfe06c20b54689dd565f1b188ffdd"}
}
