TN:
SF:app.js
FN:26,(anonymous_0)
FNF:1
FNH:0
FNDA:0,(anonymous_0)
DA:1,1
DA:3,1
DA:4,1
DA:6,1
DA:7,1
DA:9,1
DA:11,1
DA:12,1
DA:13,1
DA:14,1
DA:16,1
DA:17,1
DA:18,1
DA:19,1
DA:20,1
DA:22,1
DA:23,1
DA:24,1
DA:26,1
DA:27,0
DA:30,1
LF:21
LH:20
BRF:0
BRH:0
end_of_record
TN:
SF:config\db.js
FNF:0
FNH:0
DA:1,1
DA:3,1
DA:5,1
DA:15,1
LF:4
LH:4
BRF:0
BRH:0
end_of_record
TN:
SF:middlewares\jwtMiddleware.js
FN:4,(anonymous_0)
FN:15,(anonymous_1)
FN:28,(anonymous_2)
FNF:3
FNH:3
FNDA:4,(anonymous_0)
FNDA:2,(anonymous_1)
FNDA:2,(anonymous_2)
DA:1,1
DA:2,1
DA:4,1
DA:5,4
DA:7,4
DA:8,0
DA:9,0
DA:12,4
DA:15,1
DA:16,2
DA:17,2
DA:19,2
DA:20,2
DA:22,0
DA:25,2
DA:28,1
DA:29,2
DA:30,2
DA:32,2
DA:33,2
DA:34,2
DA:35,2
DA:36,2
DA:38,0
DA:40,0
DA:45,1
LF:26
LH:21
BRDA:7,0,0,0
BRDA:7,0,1,4
BRDA:17,1,0,0
BRDA:17,1,1,2
BRDA:30,2,0,0
BRDA:30,2,1,2
BRDA:35,3,0,2
BRDA:35,3,1,0
BRF:8
BRH:4
end_of_record
TN:
SF:models\house.js
FN:1,(anonymous_0)
FN:11,(anonymous_1)
FNF:2
FNH:2
FNDA:1,(anonymous_0)
FNDA:1,(anonymous_1)
DA:1,1
DA:2,1
DA:11,1
DA:12,1
DA:15,1
LF:5
LH:5
BRF:0
BRH:0
end_of_record
TN:
SF:models\index.js
FN:9,(anonymous_0)
FN:10,(anonymous_1)
FN:17,(anonymous_2)
FNF:3
FNH:3
FNDA:5,(anonymous_0)
FNDA:4,(anonymous_1)
FNDA:4,(anonymous_2)
DA:1,1
DA:2,1
DA:3,1
DA:4,1
DA:5,1
DA:8,1
DA:9,5
DA:11,4
DA:12,4
DA:13,4
DA:17,1
DA:18,4
DA:19,3
DA:23,1
LF:14
LH:14
BRDA:9,0,0,5
BRDA:9,0,1,5
BRDA:18,1,0,3
BRDA:18,1,1,1
BRF:4
BRH:4
end_of_record
TN:
SF:models\spell.js
FN:1,(anonymous_0)
FN:11,(anonymous_1)
FNF:2
FNH:2
FNDA:1,(anonymous_0)
FNDA:1,(anonymous_1)
DA:1,1
DA:2,1
DA:11,1
DA:12,1
DA:14,1
LF:5
LH:5
BRF:0
BRH:0
end_of_record
TN:
SF:models\user.js
FN:1,(anonymous_0)
FNF:1
FNH:1
FNDA:1,(anonymous_0)
DA:1,1
DA:2,1
LF:2
LH:2
BRF:0
BRH:0
end_of_record
TN:
SF:models\wizard.js
FN:1,(anonymous_0)
FN:31,(anonymous_1)
FNF:2
FNH:2
FNDA:1,(anonymous_0)
FNDA:1,(anonymous_1)
DA:1,1
DA:2,1
DA:31,1
DA:32,1
DA:33,1
DA:36,1
LF:6
LH:6
BRF:0
BRH:0
end_of_record
TN:
SF:routes\auth.js
FN:5,(anonymous_0)
FNF:1
FNH:1
FNDA:4,(anonymous_0)
DA:1,1
DA:2,1
DA:3,1
DA:5,1
DA:6,4
DA:8,4
DA:9,4
DA:10,0
DA:12,4
DA:13,4
DA:15,4
DA:16,0
DA:19,4
DA:24,4
DA:26,4
DA:33,0
DA:37,1
LF:17
LH:14
BRDA:6,0,0,0
BRDA:6,1,0,0
BRDA:9,2,0,0
BRDA:9,2,1,4
BRDA:9,3,0,4
BRDA:9,3,1,4
BRDA:15,4,0,0
BRDA:15,4,1,4
BRDA:15,5,0,4
BRDA:15,5,1,4
BRF:10
BRH:6
end_of_record
TN:
SF:routes\index.js
FN:4,(anonymous_0)
FNF:1
FNH:0
FNDA:0,(anonymous_0)
DA:1,1
DA:4,1
DA:5,0
DA:22,1
LF:4
LH:3
BRF:0
BRH:0
end_of_record
TN:
SF:routes\wizards.js
FN:8,(anonymous_0)
FN:16,(anonymous_1)
FN:34,(anonymous_2)
FN:45,(anonymous_3)
FNF:4
FNH:3
FNDA:2,(anonymous_0)
FNDA:2,(anonymous_1)
FNDA:2,(anonymous_2)
FNDA:0,(anonymous_3)
DA:1,1
DA:2,1
DA:3,1
DA:6,1
DA:9,2
DA:10,2
DA:11,1
DA:13,1
DA:17,2
DA:19,2
DA:20,2
DA:21,1
DA:25,1
DA:32,1
DA:35,2
DA:36,2
DA:38,2
DA:39,2
DA:40,1
DA:42,1
DA:46,0
DA:48,0
DA:49,0
DA:50,0
DA:52,0
DA:56,1
LF:26
LH:21
BRF:0
BRH:0
end_of_record
TN:
SF:services\userService.js
FN:2,(anonymous_0)
FN:6,(anonymous_1)
FNF:2
FNH:2
FNDA:1,(anonymous_0)
FNDA:4,(anonymous_1)
DA:3,1
DA:7,4
DA:8,4
DA:14,0
DA:19,1
LF:5
LH:4
BRF:0
BRH:0
end_of_record
TN:
SF:services\wizardService.js
FN:2,(anonymous_0)
FN:7,(anonymous_1)
FN:17,(anonymous_2)
FN:26,(anonymous_3)
FN:46,(anonymous_4)
FNF:5
FNH:1
FNDA:1,(anonymous_0)
FNDA:0,(anonymous_1)
FNDA:0,(anonymous_2)
FNDA:0,(anonymous_3)
FNDA:0,(anonymous_4)
DA:3,1
DA:8,0
DA:9,0
DA:11,0
DA:12,0
DA:18,0
DA:19,0
DA:21,0
DA:27,0
DA:28,0
DA:36,0
DA:38,0
DA:39,0
DA:41,0
DA:47,0
DA:48,0
DA:49,0
DA:50,0
DA:52,0
DA:57,1
LF:20
LH:2
BRDA:38,0,0,0
BRDA:38,0,1,0
BRDA:49,1,0,0
BRDA:49,1,1,0
BRF:4
BRH:0
end_of_record
